<?xml version="1.0" encoding="UTF-8"?>
<testsuite xmlns:xsi="http://www.w3.org/2001/XMLSchema-instance" xsi:noNamespaceSchemaLocation="https://maven.apache.org/surefire/maven-surefire-plugin/xsd/surefire-test-report.xsd" version="3.0.2" name="com.phong.taskmanagement.TaskmanagementApplicationTests" time="7.82" tests="1" errors="0" skipped="0" failures="0">
  <properties>
[...]
</properties>
  <testcase name="contextLoads" classname="com.phong.taskmanagement.TaskmanagementApplicationTests" time="0.005">
    <system-out><![CDATA[2026-06-17 15:52:45 [main] INFO  o.s.t.c.s.AnnotationConfigContextLoaderUtils - Could not detect default configuration classes for test class [com.phong.taskmanagement.TaskmanagementApplicationTests]: TaskmanagementApplicationTests does not declare any static, non-private, non-final, nested classes annotated with @Configuration.
2026-06-17 15:52:45 [main] INFO  o.s.b.t.c.SpringBootTestContextBootstrapper - Found @SpringBootConfiguration com.phong.taskmanagement.TaskmanagementApplication for test class com.phong.taskmanagement.TaskmanagementApplicationTests

  .   ____          _            __ _ _
 /\\ / ___'_ __ _ _(_)_ __  __ _ \ \ \ \
( ( )\___ | '_ | '_| | '_ \/ _` | \ \ \ \
 \\/  ___)| |_)| | | | | || (_| |  ) ) ) )
  '  |____| .__|_| |_|_| |_\__, | / / / /
 =========|_|==============|___/=/_/_/_/

 :: Spring Boot ::                (v3.5.3)

2026-06-17 15:52:45 [main] INFO  c.p.t.TaskmanagementApplicationTests - Starting TaskmanagementApplicationTests using Java 26.0.1 with PID 7936 (started by Admin in E:\Project\taskmanagement)
2026-06-17 15:52:45 [main] DEBUG c.p.t.TaskmanagementApplicationTests - Running with Spring Boot v3.5.3, Spring v6.2.8
2026-06-17 15:52:45 [main] INFO  c.p.t.TaskmanagementApplicationTests - No active profile set, falling back to 1 default profile: "default"
2026-06-17 15:52:46 [main] INFO  o.s.b.f.s.DefaultListableBeanFactory - Overriding bean definition for bean 'taskScheduler' with a different definition: replacing [Generic bean: class=com.phong.taskmanagement.scheduler.TaskScheduler; scope=singleton; abstract=false; lazyInit=null; autowireMode=0; dependencyCheck=0; autowireCandidate=true; primary=false; fallback=false; factoryBeanName=null; factoryMethodName=null; initMethodNames=null; destroyMethodNames=null; defined in file [E:\Project\taskmanagement\target\classes\com\phong\taskmanagement\scheduler\TaskScheduler.class]] with [Root bean: class=null; scope=; abstract=false; lazyInit=null; autowireMode=3; dependencyCheck=0; autowireCandidate=true; primary=false; fallback=false; factoryBeanName=org.springframework.boot.autoconfigure.task.TaskSchedulingConfigurations$TaskSchedulerConfiguration; factoryMethodName=taskScheduler; initMethodNames=null; destroyMethodNames=[(inferred)]; defined in class path resource [org/springframework/boot/autoconfigure/task/TaskSchedulingConfigurations$TaskSchedulerConfiguration.class]]
2026-06-17 15:52:46 [main] INFO  o.s.d.r.c.RepositoryConfigurationDelegate - Bootstrapping Spring Data JPA repositories in DEFAULT mode.
2026-06-17 15:52:46 [main] INFO  o.s.d.r.c.RepositoryConfigurationDelegate - Finished Spring Data repository scanning in 59 ms. Found 10 JPA repository interfaces.
2026-06-17 15:52:47 [main] INFO  com.zaxxer.hikari.HikariDataSource - HikariPool-1 - Starting...
2026-06-17 15:52:47 [main] INFO  com.zaxxer.hikari.pool.HikariPool - HikariPool-1 - Added connection ConnectionID:1 ClientConnectionId: dfc3b31b-53af-433b-994a-345d8bd951d1
2026-06-17 15:52:47 [main] INFO  com.zaxxer.hikari.HikariDataSource - HikariPool-1 - Start completed.
2026-06-17 15:52:47 [main] INFO  liquibase.database - Set default schema name to dbo
2026-06-17 15:52:48 [main] INFO  liquibase.changelog - Reading from DATABASECHANGELOG
2026-06-17 15:52:48 [main] INFO  liquibase.ui - Database is up to date, no changesets to execute
2026-06-17 15:52:48 [main] INFO  liquibase.changelog - Reading from DATABASECHANGELOG
2026-06-17 15:52:48 [main] INFO  liquibase.util - UPDATE SUMMARY
2026-06-17 15:52:48 [main] INFO  liquibase.util - Run:                          0
2026-06-17 15:52:48 [main] INFO  liquibase.util - Previously run:              12
2026-06-17 15:52:48 [main] INFO  liquibase.util - Filtered out:                 0
2026-06-17 15:52:48 [main] INFO  liquibase.util - -------------------------------
2026-06-17 15:52:48 [main] INFO  liquibase.util - Total change sets:           12
2026-06-17 15:52:48 [main] INFO  liquibase.util - Update summary generated
2026-06-17 15:52:48 [main] INFO  liquibase.command - Command execution complete
2026-06-17 15:52:50 [main] INFO  o.h.jpa.internal.util.LogHelper - HHH000204: Processing PersistenceUnitInfo [name: default]
2026-06-17 15:52:50 [main] INFO  org.hibernate.Version - HHH000412: Hibernate ORM core version 6.6.18.Final
2026-06-17 15:52:50 [main] INFO  o.h.c.i.RegionFactoryInitiator - HHH000026: Second-level cache disabled
2026-06-17 15:52:50 [main] INFO  o.s.o.j.p.SpringPersistenceUnitInfo - No LoadTimeWeaver setup: ignoring JPA class transformer
2026-06-17 15:52:50 [main] INFO  o.hibernate.orm.connections.pooling - HHH10001005: Database info:
	Database JDBC URL [Connecting through datasource 'HikariDataSource (HikariPool-1)']
	Database driver: undefined/unknown
	Database version: 16.0
	Autocommit mode: undefined/unknown
	Isolation level: undefined/unknown
	Minimum pool size: undefined/unknown
	Maximum pool size: undefined/unknown
2026-06-17 15:52:51 [main] INFO  o.h.e.t.j.p.i.JtaPlatformInitiator - HHH000489: No JTA platform available (set 'hibernate.transaction.jta.platform' to enable JTA platform integration)
2026-06-17 15:52:51 [main] INFO  o.s.o.j.LocalContainerEntityManagerFactoryBean - Initialized JPA EntityManagerFactory for persistence unit 'default'
2026-06-17 15:52:51 [main] INFO  o.s.d.j.r.query.QueryEnhancerFactory - Hibernate is in classpath; If applicable, HQL parser will be used.
2026-06-17 15:52:52 [main] WARN  o.s.b.a.o.j.JpaBaseConfiguration$JpaWebConfiguration - spring.jpa.open-in-view is enabled by default. Therefore, database queries may be performed during view rendering. Explicitly configure spring.jpa.open-in-view to disable this warning
2026-06-17 15:52:52 [main] INFO  o.s.s.c.a.a.c.InitializeAuthenticationProviderBeanManagerConfigurer$InitializeAuthenticationProviderManagerConfigurer - Global AuthenticationManager configured with AuthenticationProvider bean with name authenticationProvider
2026-06-17 15:52:52 [main] WARN  o.s.s.c.a.a.c.InitializeUserDetailsBeanManagerConfigurer$InitializeUserDetailsManagerConfigurer - Global AuthenticationManager configured with an AuthenticationProvider bean. UserDetailsService beans will not be used by Spring Security for automatically configuring username/password login. Consider removing the AuthenticationProvider bean. Alternatively, consider using the UserDetailsService in a manually instantiated DaoAuthenticationProvider. If the current configuration is intentional, to turn off this warning, increase the logging level of 'org.springframework.security.config.annotation.authentication.configuration.InitializeUserDetailsBeanManagerConfigurer' to ERROR
2026-06-17 15:52:52 [main] INFO  o.s.b.a.e.web.EndpointLinksResolver - Exposing 2 endpoints beneath base path '/actuator'
2026-06-17 15:52:53 [main] INFO  c.p.t.TaskmanagementApplicationTests - Started TaskmanagementApplicationTests in 7.618 seconds (process running for 11.277)
Hibernate: 
    select
        top (?) u1_0.id 
    from
        users u1_0 
    where
        u1_0.email=?
BCrypt Hash for 123123: $2a$10$rBstszM14ZOlEIHcCSYthe5A29348R6DBF0gMqAyR.O89QNfgkGRu
]]></system-out>
  </testcase>
</testsuite>